TN:
SF:/home/iyke/Desktop/Epic-Mail-App-01/index.js
FNF:0
FNH:0
DA:1,1
DA:2,1
DA:3,1
DA:4,1
DA:7,1
DA:10,1
DA:11,1
DA:13,1
DA:15,1
DA:17,1
DA:18,1
DA:19,1
DA:21,1
LF:13
LH:13
BRDA:17,0,0,1
BRDA:17,0,1,1
BRF:2
BRH:2
end_of_record
TN:
SF:/home/iyke/Desktop/Epic-Mail-App-01/src/controllers/messageController.js
FN:41,(anonymous_8)
FN:50,(anonymous_10)
FN:59,(anonymous_12)
FN:70,(anonymous_14)
FN:81,(anonymous_16)
FN:83,(anonymous_17)
FNF:6
FNH:5
FNDA:1,(anonymous_8)
FNDA:1,(anonymous_10)
FNDA:1,(anonymous_12)
FNDA:1,(anonymous_14)
FNDA:1,(anonymous_16)
FNDA:0,(anonymous_17)
DA:1,1
DA:5,1
DA:6,0
DA:10,1
DA:11,0
DA:15,1
DA:16,0
DA:22,1
DA:32,1
DA:33,1
DA:41,1
DA:42,1
DA:50,1
DA:51,1
DA:59,1
DA:60,1
DA:68,1
DA:70,1
DA:71,1
DA:79,1
DA:81,1
DA:83,1
DA:84,1
DA:94,1
DA:96,1
LF:25
LH:22
BRDA:5,0,0,0
BRDA:5,0,1,1
BRDA:10,1,0,0
BRDA:10,1,1,1
BRDA:15,2,0,0
BRDA:15,2,1,1
BRF:6
BRH:3
end_of_record
TN:
SF:/home/iyke/Desktop/Epic-Mail-App-01/src/controllers/userController.js
FNF:0
FNH:0
DA:1,1
DA:6,1
DA:7,0
DA:11,1
DA:12,0
DA:16,1
DA:17,0
DA:21,1
DA:22,0
DA:26,1
DA:27,0
DA:34,1
DA:43,1
DA:44,1
DA:52,1
DA:60,0
DA:61,0
DA:65,0
DA:66,0
DA:73,0
DA:81,1
DA:83,1
LF:22
LH:12
BRDA:6,0,0,0
BRDA:6,0,1,1
BRDA:11,1,0,0
BRDA:11,1,1,1
BRDA:16,2,0,0
BRDA:16,2,1,1
BRDA:21,3,0,0
BRDA:21,3,1,1
BRDA:26,4,0,0
BRDA:26,4,1,1
BRDA:60,5,0,0
BRDA:60,5,1,0
BRDA:65,6,0,0
BRDA:65,6,1,0
BRF:14
BRH:5
end_of_record
TN:
SF:/home/iyke/Desktop/Epic-Mail-App-01/src/models/message.js
FNF:0
FNH:0
DA:1,1
DA:3,1
LF:2
LH:2
BRF:0
BRH:0
end_of_record
TN:
SF:/home/iyke/Desktop/Epic-Mail-App-01/src/models/user.js
FNF:0
FNH:0
DA:1,1
DA:36,1
LF:2
LH:2
BRF:0
BRH:0
end_of_record
TN:
SF:/home/iyke/Desktop/Epic-Mail-App-01/src/routes/index.js
FNF:0
FNH:0
DA:1,1
DA:2,1
DA:3,1
DA:6,1
DA:9,1
DA:10,1
DA:11,1
DA:14,1
DA:15,1
DA:16,1
DA:17,1
DA:18,1
DA:19,1
DA:21,1
LF:14
LH:14
BRF:0
BRH:0
end_of_record
